<?xml version="1.0" encoding="UTF-8"?>
<!-- Generated by org.testng.reporters.JUnitReportReporter -->
<testsuite skipped="0" hostname="DELL-PC" name="sampleGIT.SampleGIT" tests="1" failures="0" timestamp="26 Aug 2018 06:23:33 GMT" time="34.072" errors="0">
  <testcase name="loginTest" time="34.072" classname="sampleGIT.SampleGIT"/>
</testsuite> <!-- sampleGIT.SampleGIT -->
